<?xml version="1.0" encoding="UTF-8"?>
<testsuites name="jest tests" tests="4" failures="0" errors="0" time="9.595">
  <testsuite name="undefined" errors="0" failures="0" skipped="0" timestamp="2023-12-04T17:53:57" time="4.898" tests="2">
    <testcase classname=" renders login form correctly" name=" renders login form correctly" time="0.318">
    </testcase>
    <testcase classname=" submits login form with valid credentials" name=" submits login form with valid credentials" time="0.248">
    </testcase>
  </testsuite>
  <testsuite name="undefined" errors="0" failures="0" skipped="0" timestamp="2023-12-04T17:53:57" time="4.933" tests="2">
    <testcase classname=" renders signup form correctly" name=" renders signup form correctly" time="0.336">
    </testcase>
    <testcase classname=" submits signup form with valid data" name=" submits signup form with valid data" time="0.267">
    </testcase>
  </testsuite>
</testsuites>